{"/Users/yanislav.petrov/shopping-cart/shopping-cart/src/App.tsx": {"path":"/Users/yanislav.petrov/shopping-cart/shopping-cart/src/App.tsx","statementMap":{"0":{"start":{"line":7,"column":19},"end":{"line":15,"column":1}},"1":{"start":{"line":8,"column":2},"end":{"line":14,"column":4}}},"fnMap":{"0":{"name":"(anonymous_0)","decl":{"start":{"line":7,"column":19},"end":{"line":7,"column":20}},"loc":{"start":{"line":7,"column":25},"end":{"line":15,"column":1}},"line":7}},"branchMap":{},"s":{"0":0,"1":0},"f":{"0":0},"b":{}}
,"/Users/yanislav.petrov/shopping-cart/shopping-cart/src/index.tsx": {"path":"/Users/yanislav.petrov/shopping-cart/shopping-cart/src/index.tsx","statementMap":{"0":{"start":{"line":4,"column":13},"end":{"line":6,"column":1}},"1":{"start":{"line":7,"column":0},"end":{"line":7,"column":21}}},"fnMap":{},"branchMap":{},"s":{"0":0,"1":0},"f":{},"b":{}}
,"/Users/yanislav.petrov/shopping-cart/shopping-cart/src/theme.tsx": {"path":"/Users/yanislav.petrov/shopping-cart/shopping-cart/src/theme.tsx","statementMap":{"0":{"start":{"line":3,"column":21},"end":{"line":18,"column":2}}},"fnMap":{},"branchMap":{},"s":{"0":1},"f":{},"b":{},"_coverageSchema":"1a1c01bbd47fc00a2c39e90264f33305004495a9","hash":"f6452080ad0f96314e8428f3a287f49607d47a5c"}
,"/Users/yanislav.petrov/shopping-cart/shopping-cart/src/components/Cart.tsx": {"path":"/Users/yanislav.petrov/shopping-cart/shopping-cart/src/components/Cart.tsx","statementMap":{"0":{"start":{"line":20,"column":2},"end":{"line":20,"column":75}},"1":{"start":{"line":22,"column":20},"end":{"line":180,"column":1}},"2":{"start":{"line":23,"column":26},"end":{"line":23,"column":56}},"3":{"start":{"line":24,"column":26},"end":{"line":24,"column":50}},"4":{"start":{"line":25,"column":42},"end":{"line":25,"column":62}},"5":{"start":{"line":26,"column":46},"end":{"line":26,"column":63}},"6":{"start":{"line":28,"column":4},"end":{"line":28,"column":40}},"7":{"start":{"line":29,"column":16},"end":{"line":29,"column":26}},"8":{"start":{"line":30,"column":18},"end":{"line":30,"column":61}},"9":{"start":{"line":32,"column":16},"end":{"line":35,"column":5}},"10":{"start":{"line":32,"column":41},"end":{"line":35,"column":3}},"11":{"start":{"line":37,"column":13},"end":{"line":43,"column":3}},"12":{"start":{"line":38,"column":11},"end":{"line":41,"column":5}},"13":{"start":{"line":45,"column":28},"end":{"line":59,"column":12}},"14":{"start":{"line":46,"column":4},"end":{"line":58,"column":5}},"15":{"start":{"line":47,"column":23},"end":{"line":51,"column":8}},"16":{"start":{"line":52,"column":6},"end":{"line":54,"column":7}},"17":{"start":{"line":53,"column":8},"end":{"line":53,"column":45}},"18":{"start":{"line":55,"column":19},"end":{"line":55,"column":40}},"19":{"start":{"line":56,"column":6},"end":{"line":56,"column":20}},"20":{"start":{"line":61,"column":2},"end":{"line":69,"column":74}},"21":{"start":{"line":62,"column":4},"end":{"line":68,"column":5}},"22":{"start":{"line":63,"column":6},"end":{"line":65,"column":7}},"23":{"start":{"line":64,"column":8},"end":{"line":64,"column":28}},"24":{"start":{"line":66,"column":6},"end":{"line":66,"column":26}},"25":{"start":{"line":67,"column":6},"end":{"line":67,"column":34}},"26":{"start":{"line":71,"column":29},"end":{"line":80,"column":3}},"27":{"start":{"line":72,"column":4},"end":{"line":78,"column":5}},"28":{"start":{"line":73,"column":6},"end":{"line":73,"column":53}},"29":{"start":{"line":74,"column":6},"end":{"line":77,"column":8}},"30":{"start":{"line":79,"column":4},"end":{"line":79,"column":24}},"31":{"start":{"line":82,"column":2},"end":{"line":179,"column":4}},"32":{"start":{"line":134,"column":14},"end":{"line":134,"column":50}}},"fnMap":{"0":{"name":"(anonymous_0)","decl":{"start":{"line":22,"column":20},"end":{"line":22,"column":21}},"loc":{"start":{"line":22,"column":26},"end":{"line":180,"column":1}},"line":22},"1":{"name":"(anonymous_1)","decl":{"start":{"line":32,"column":30},"end":{"line":32,"column":31}},"loc":{"start":{"line":32,"column":41},"end":{"line":35,"column":3}},"line":32},"2":{"name":"(anonymous_2)","decl":{"start":{"line":38,"column":4},"end":{"line":38,"column":5}},"loc":{"start":{"line":38,"column":11},"end":{"line":41,"column":5}},"line":38},"3":{"name":"(anonymous_3)","decl":{"start":{"line":45,"column":40},"end":{"line":45,"column":41}},"loc":{"start":{"line":45,"column":52},"end":{"line":59,"column":3}},"line":45},"4":{"name":"(anonymous_4)","decl":{"start":{"line":61,"column":12},"end":{"line":61,"column":13}},"loc":{"start":{"line":61,"column":18},"end":{"line":69,"column":3}},"line":61},"5":{"name":"(anonymous_5)","decl":{"start":{"line":71,"column":29},"end":{"line":71,"column":30}},"loc":{"start":{"line":71,"column":35},"end":{"line":80,"column":3}},"line":71},"6":{"name":"(anonymous_6)","decl":{"start":{"line":133,"column":27},"end":{"line":133,"column":28}},"loc":{"start":{"line":134,"column":14},"end":{"line":134,"column":50}},"line":134}},"branchMap":{"0":{"loc":{"start":{"line":40,"column":18},"end":{"line":40,"column":56}},"type":"cond-expr","locations":[{"start":{"line":40,"column":39},"end":{"line":40,"column":41}},{"start":{"line":40,"column":44},"end":{"line":40,"column":56}}],"line":40},"1":{"loc":{"start":{"line":52,"column":6},"end":{"line":54,"column":7}},"type":"if","locations":[{"start":{"line":52,"column":6},"end":{"line":54,"column":7}},{"start":{},"end":{}}],"line":52},"2":{"loc":{"start":{"line":62,"column":4},"end":{"line":68,"column":5}},"type":"if","locations":[{"start":{"line":62,"column":4},"end":{"line":68,"column":5}},{"start":{},"end":{}}],"line":62},"3":{"loc":{"start":{"line":62,"column":8},"end":{"line":62,"column":77}},"type":"binary-expr","locations":[{"start":{"line":62,"column":8},"end":{"line":62,"column":67}},{"start":{"line":62,"column":71},"end":{"line":62,"column":77}}],"line":62},"4":{"loc":{"start":{"line":63,"column":6},"end":{"line":65,"column":7}},"type":"if","locations":[{"start":{"line":63,"column":6},"end":{"line":65,"column":7}},{"start":{},"end":{}}],"line":63},"5":{"loc":{"start":{"line":72,"column":4},"end":{"line":78,"column":5}},"type":"if","locations":[{"start":{"line":72,"column":4},"end":{"line":78,"column":5}},{"start":{},"end":{}}],"line":72},"6":{"loc":{"start":{"line":76,"column":20},"end":{"line":76,"column":75}},"type":"cond-expr","locations":[{"start":{"line":76,"column":41},"end":{"line":76,"column":43}},{"start":{"line":76,"column":46},"end":{"line":76,"column":75}}],"line":76},"7":{"loc":{"start":{"line":89,"column":14},"end":{"line":89,"column":42}},"type":"binary-expr","locations":[{"start":{"line":89,"column":14},"end":{"line":89,"column":21}},{"start":{"line":89,"column":25},"end":{"line":89,"column":42}}],"line":89},"8":{"loc":{"start":{"line":119,"column":17},"end":{"line":119,"column":43}},"type":"cond-expr","locations":[{"start":{"line":119,"column":27},"end":{"line":119,"column":33}},{"start":{"line":119,"column":36},"end":{"line":119,"column":43}}],"line":119},"9":{"loc":{"start":{"line":120,"column":14},"end":{"line":125,"column":11}},"type":"binary-expr","locations":[{"start":{"line":120,"column":14},"end":{"line":120,"column":36}},{"start":{"line":120,"column":40},"end":{"line":125,"column":11}}],"line":120},"10":{"loc":{"start":{"line":129,"column":9},"end":{"line":176,"column":9}},"type":"cond-expr","locations":[{"start":{"line":130,"column":10},"end":{"line":130,"column":23}},{"start":{"line":132,"column":10},"end":{"line":175,"column":13}}],"line":129},"11":{"loc":{"start":{"line":147,"column":22},"end":{"line":147,"column":64}},"type":"binary-expr","locations":[{"start":{"line":147,"column":22},"end":{"line":147,"column":42}},{"start":{"line":147,"column":46},"end":{"line":147,"column":64}}],"line":147},"12":{"loc":{"start":{"line":150,"column":27},"end":{"line":150,"column":54}},"type":"binary-expr","locations":[{"start":{"line":150,"column":27},"end":{"line":150,"column":47}},{"start":{"line":150,"column":51},"end":{"line":150,"column":54}}],"line":150},"13":{"loc":{"start":{"line":157,"column":20},"end":{"line":161,"column":63}},"type":"binary-expr","locations":[{"start":{"line":157,"column":20},"end":{"line":157,"column":39}},{"start":{"line":158,"column":20},"end":{"line":158,"column":57}},{"start":{"line":159,"column":20},"end":{"line":159,"column":58}},{"start":{"line":160,"column":20},"end":{"line":160,"column":57}},{"start":{"line":161,"column":20},"end":{"line":161,"column":63}}],"line":157}},"s":{"0":1,"1":1,"2":1,"3":1,"4":1,"5":1,"6":1,"7":1,"8":1,"9":1,"10":1,"11":1,"12":1,"13":1,"14":0,"15":0,"16":0,"17":0,"18":0,"19":0,"20":1,"21":1,"22":0,"23":0,"24":0,"25":0,"26":1,"27":0,"28":0,"29":0,"30":0,"31":1,"32":1},"f":{"0":1,"1":1,"2":1,"3":0,"4":1,"5":0,"6":1},"b":{"0":[0,1],"1":[0,0],"2":[0,1],"3":[1,0],"4":[0,0],"5":[0,0],"6":[0,0],"7":[1,0],"8":[0,1],"9":[1,0],"10":[0,1],"11":[1,1],"12":[1,1],"13":[1,0,0,0,0]},"_coverageSchema":"1a1c01bbd47fc00a2c39e90264f33305004495a9","hash":"4afe923bfc9c0c465550c7938398f6ad584fecac"}
,"/Users/yanislav.petrov/shopping-cart/shopping-cart/src/components/CartItem.tsx": {"path":"/Users/yanislav.petrov/shopping-cart/shopping-cart/src/components/CartItem.tsx","statementMap":{"0":{"start":{"line":16,"column":17},"end":{"line":123,"column":1}},"1":{"start":{"line":22,"column":6},"end":{"line":22,"column":23}},"2":{"start":{"line":23,"column":16},"end":{"line":23,"column":26}},"3":{"start":{"line":24,"column":18},"end":{"line":24,"column":61}},"4":{"start":{"line":26,"column":18},"end":{"line":26,"column":51}},"5":{"start":{"line":26,"column":39},"end":{"line":26,"column":50}},"6":{"start":{"line":27,"column":2},"end":{"line":27,"column":35}},"7":{"start":{"line":27,"column":23},"end":{"line":27,"column":35}},"8":{"start":{"line":29,"column":2},"end":{"line":122,"column":4}},"9":{"start":{"line":90,"column":31},"end":{"line":90,"column":55}},"10":{"start":{"line":99,"column":31},"end":{"line":99,"column":55}},"11":{"start":{"line":105,"column":35},"end":{"line":105,"column":53}}},"fnMap":{"0":{"name":"(anonymous_0)","decl":{"start":{"line":16,"column":17},"end":{"line":16,"column":18}},"loc":{"start":{"line":16,"column":54},"end":{"line":123,"column":1}},"line":16},"1":{"name":"(anonymous_1)","decl":{"start":{"line":26,"column":32},"end":{"line":26,"column":33}},"loc":{"start":{"line":26,"column":39},"end":{"line":26,"column":50}},"line":26},"2":{"name":"(anonymous_2)","decl":{"start":{"line":90,"column":25},"end":{"line":90,"column":26}},"loc":{"start":{"line":90,"column":31},"end":{"line":90,"column":55}},"line":90},"3":{"name":"(anonymous_3)","decl":{"start":{"line":99,"column":25},"end":{"line":99,"column":26}},"loc":{"start":{"line":99,"column":31},"end":{"line":99,"column":55}},"line":99},"4":{"name":"(anonymous_4)","decl":{"start":{"line":105,"column":29},"end":{"line":105,"column":30}},"loc":{"start":{"line":105,"column":35},"end":{"line":105,"column":53}},"line":105}},"branchMap":{"0":{"loc":{"start":{"line":27,"column":2},"end":{"line":27,"column":35}},"type":"if","locations":[{"start":{"line":27,"column":2},"end":{"line":27,"column":35}},{"start":{},"end":{}}],"line":27},"1":{"loc":{"start":{"line":38,"column":14},"end":{"line":42,"column":11}},"type":"binary-expr","locations":[{"start":{"line":38,"column":14},"end":{"line":38,"column":21}},{"start":{"line":38,"column":25},"end":{"line":42,"column":11}}],"line":38},"2":{"loc":{"start":{"line":55,"column":16},"end":{"line":57,"column":13}},"type":"binary-expr","locations":[{"start":{"line":55,"column":16},"end":{"line":55,"column":24}},{"start":{"line":55,"column":28},"end":{"line":57,"column":13}}],"line":55},"3":{"loc":{"start":{"line":66,"column":22},"end":{"line":66,"column":74}},"type":"binary-expr","locations":[{"start":{"line":66,"column":22},"end":{"line":66,"column":29}},{"start":{"line":66,"column":33},"end":{"line":66,"column":74}}],"line":66},"4":{"loc":{"start":{"line":86,"column":20},"end":{"line":86,"column":56}},"type":"binary-expr","locations":[{"start":{"line":86,"column":20},"end":{"line":86,"column":27}},{"start":{"line":86,"column":31},"end":{"line":86,"column":56}}],"line":86},"5":{"loc":{"start":{"line":115,"column":20},"end":{"line":115,"column":54}},"type":"binary-expr","locations":[{"start":{"line":115,"column":20},"end":{"line":115,"column":27}},{"start":{"line":115,"column":31},"end":{"line":115,"column":54}}],"line":115}},"s":{"0":1,"1":0,"2":0,"3":0,"4":0,"5":0,"6":0,"7":0,"8":0,"9":0,"10":0,"11":0},"f":{"0":0,"1":0,"2":0,"3":0,"4":0},"b":{"0":[0,0],"1":[0,0],"2":[0,0],"3":[0,0],"4":[0,0],"5":[0,0]},"_coverageSchema":"1a1c01bbd47fc00a2c39e90264f33305004495a9","hash":"b1eebb3a1096825593f1ccf3d87e6f1f7ed352a2"}
,"/Users/yanislav.petrov/shopping-cart/shopping-cart/src/components/EmptyCart.tsx": {"path":"/Users/yanislav.petrov/shopping-cart/shopping-cart/src/components/EmptyCart.tsx","statementMap":{"0":{"start":{"line":3,"column":25},"end":{"line":22,"column":1}},"1":{"start":{"line":4,"column":2},"end":{"line":21,"column":4}}},"fnMap":{"0":{"name":"(anonymous_0)","decl":{"start":{"line":3,"column":25},"end":{"line":3,"column":26}},"loc":{"start":{"line":3,"column":31},"end":{"line":22,"column":1}},"line":3}},"branchMap":{},"s":{"0":1,"1":0},"f":{"0":0},"b":{},"_coverageSchema":"1a1c01bbd47fc00a2c39e90264f33305004495a9","hash":"9a745a81ae1e1b101b34a3e008d32c6fc18c82a4"}
,"/Users/yanislav.petrov/shopping-cart/shopping-cart/src/components/Navbar.tsx": {"path":"/Users/yanislav.petrov/shopping-cart/shopping-cart/src/components/Navbar.tsx","statementMap":{"0":{"start":{"line":7,"column":22},"end":{"line":49,"column":1}},"1":{"start":{"line":8,"column":41},"end":{"line":8,"column":58}},"2":{"start":{"line":10,"column":2},"end":{"line":48,"column":4}}},"fnMap":{"0":{"name":"(anonymous_0)","decl":{"start":{"line":7,"column":22},"end":{"line":7,"column":23}},"loc":{"start":{"line":7,"column":28},"end":{"line":49,"column":1}},"line":7}},"branchMap":{"0":{"loc":{"start":{"line":22,"column":13},"end":{"line":43,"column":13}},"type":"binary-expr","locations":[{"start":{"line":22,"column":13},"end":{"line":22,"column":29}},{"start":{"line":23,"column":14},"end":{"line":42,"column":27}}],"line":22}},"s":{"0":1,"1":2,"2":2},"f":{"0":2},"b":{"0":[2,2]},"_coverageSchema":"1a1c01bbd47fc00a2c39e90264f33305004495a9","hash":"a012a5315d1653d360a72a4e97578261d57cf4bc"}
,"/Users/yanislav.petrov/shopping-cart/shopping-cart/src/components/Products.tsx": {"path":"/Users/yanislav.petrov/shopping-cart/shopping-cart/src/components/Products.tsx","statementMap":{"0":{"start":{"line":29,"column":24},"end":{"line":195,"column":1}},"1":{"start":{"line":31,"column":4},"end":{"line":31,"column":21}},"2":{"start":{"line":33,"column":33},"end":{"line":33,"column":69}},"3":{"start":{"line":34,"column":34},"end":{"line":34,"column":56}},"4":{"start":{"line":35,"column":16},"end":{"line":35,"column":26}},"5":{"start":{"line":36,"column":18},"end":{"line":36,"column":61}},"6":{"start":{"line":38,"column":23},"end":{"line":43,"column":3}},"7":{"start":{"line":41,"column":8},"end":{"line":41,"column":13}},"8":{"start":{"line":42,"column":4},"end":{"line":42,"column":70}},"9":{"start":{"line":45,"column":27},"end":{"line":74,"column":3}},"10":{"start":{"line":46,"column":26},"end":{"line":46,"column":39}},"11":{"start":{"line":48,"column":4},"end":{"line":55,"column":5}},"12":{"start":{"line":49,"column":6},"end":{"line":54,"column":8}},"13":{"start":{"line":50,"column":8},"end":{"line":53,"column":71}},"14":{"start":{"line":53,"column":36},"end":{"line":53,"column":70}},"15":{"start":{"line":57,"column":4},"end":{"line":71,"column":5}},"16":{"start":{"line":59,"column":8},"end":{"line":59,"column":67}},"17":{"start":{"line":59,"column":40},"end":{"line":59,"column":64}},"18":{"start":{"line":60,"column":8},"end":{"line":60,"column":14}},"19":{"start":{"line":62,"column":8},"end":{"line":62,"column":67}},"20":{"start":{"line":62,"column":40},"end":{"line":62,"column":64}},"21":{"start":{"line":63,"column":8},"end":{"line":63,"column":14}},"22":{"start":{"line":65,"column":8},"end":{"line":65,"column":58}},"23":{"start":{"line":65,"column":39},"end":{"line":65,"column":56}},"24":{"start":{"line":66,"column":8},"end":{"line":66,"column":14}},"25":{"start":{"line":68,"column":8},"end":{"line":68,"column":58}},"26":{"start":{"line":68,"column":39},"end":{"line":68,"column":56}},"27":{"start":{"line":69,"column":8},"end":{"line":69,"column":14}},"28":{"start":{"line":73,"column":4},"end":{"line":73,"column":27}},"29":{"start":{"line":76,"column":2},"end":{"line":194,"column":4}},"30":{"start":{"line":91,"column":35},"end":{"line":91,"column":76}},"31":{"start":{"line":119,"column":43},"end":{"line":119,"column":62}},"32":{"start":{"line":122,"column":18},"end":{"line":125,"column":29}},"33":{"start":{"line":148,"column":12},"end":{"line":189,"column":19}},"34":{"start":{"line":180,"column":35},"end":{"line":180,"column":67}}},"fnMap":{"0":{"name":"(anonymous_0)","decl":{"start":{"line":29,"column":24},"end":{"line":29,"column":25}},"loc":{"start":{"line":29,"column":30},"end":{"line":195,"column":1}},"line":29},"1":{"name":"(anonymous_1)","decl":{"start":{"line":38,"column":23},"end":{"line":38,"column":24}},"loc":{"start":{"line":38,"column":70},"end":{"line":43,"column":3}},"line":38},"2":{"name":"(anonymous_2)","decl":{"start":{"line":45,"column":27},"end":{"line":45,"column":28}},"loc":{"start":{"line":45,"column":45},"end":{"line":74,"column":3}},"line":45},"3":{"name":"(anonymous_3)","decl":{"start":{"line":49,"column":47},"end":{"line":49,"column":48}},"loc":{"start":{"line":50,"column":8},"end":{"line":53,"column":71}},"line":50},"4":{"name":"(anonymous_4)","decl":{"start":{"line":53,"column":15},"end":{"line":53,"column":16}},"loc":{"start":{"line":53,"column":36},"end":{"line":53,"column":70}},"line":53},"5":{"name":"(anonymous_5)","decl":{"start":{"line":59,"column":29},"end":{"line":59,"column":30}},"loc":{"start":{"line":59,"column":40},"end":{"line":59,"column":64}},"line":59},"6":{"name":"(anonymous_6)","decl":{"start":{"line":62,"column":29},"end":{"line":62,"column":30}},"loc":{"start":{"line":62,"column":40},"end":{"line":62,"column":64}},"line":62},"7":{"name":"(anonymous_7)","decl":{"start":{"line":65,"column":29},"end":{"line":65,"column":30}},"loc":{"start":{"line":65,"column":39},"end":{"line":65,"column":56}},"line":65},"8":{"name":"(anonymous_8)","decl":{"start":{"line":68,"column":29},"end":{"line":68,"column":30}},"loc":{"start":{"line":68,"column":39},"end":{"line":68,"column":56}},"line":68},"9":{"name":"(anonymous_9)","decl":{"start":{"line":91,"column":29},"end":{"line":91,"column":30}},"loc":{"start":{"line":91,"column":35},"end":{"line":91,"column":76}},"line":91},"10":{"name":"(anonymous_10)","decl":{"start":{"line":119,"column":29},"end":{"line":119,"column":30}},"loc":{"start":{"line":119,"column":43},"end":{"line":119,"column":62}},"line":119},"11":{"name":"(anonymous_11)","decl":{"start":{"line":121,"column":32},"end":{"line":121,"column":33}},"loc":{"start":{"line":122,"column":18},"end":{"line":125,"column":29}},"line":122},"12":{"name":"(anonymous_12)","decl":{"start":{"line":147,"column":43},"end":{"line":147,"column":44}},"loc":{"start":{"line":148,"column":12},"end":{"line":189,"column":19}},"line":148},"13":{"name":"(anonymous_13)","decl":{"start":{"line":180,"column":29},"end":{"line":180,"column":30}},"loc":{"start":{"line":180,"column":35},"end":{"line":180,"column":67}},"line":180}},"branchMap":{"0":{"loc":{"start":{"line":42,"column":16},"end":{"line":42,"column":68}},"type":"cond-expr","locations":[{"start":{"line":42,"column":44},"end":{"line":42,"column":60}},{"start":{"line":42,"column":63},"end":{"line":42,"column":68}}],"line":42},"1":{"loc":{"start":{"line":48,"column":4},"end":{"line":55,"column":5}},"type":"if","locations":[{"start":{"line":48,"column":4},"end":{"line":55,"column":5}},{"start":{},"end":{}}],"line":48},"2":{"loc":{"start":{"line":50,"column":9},"end":{"line":52,"column":32}},"type":"cond-expr","locations":[{"start":{"line":51,"column":12},"end":{"line":51,"column":30}},{"start":{"line":52,"column":12},"end":{"line":52,"column":32}}],"line":50},"3":{"loc":{"start":{"line":57,"column":4},"end":{"line":71,"column":5}},"type":"switch","locations":[{"start":{"line":58,"column":6},"end":{"line":60,"column":14}},{"start":{"line":61,"column":6},"end":{"line":63,"column":14}},{"start":{"line":64,"column":6},"end":{"line":66,"column":14}},{"start":{"line":67,"column":6},"end":{"line":69,"column":14}},{"start":{"line":70,"column":6},"end":{"line":70,"column":14}}],"line":57},"4":{"loc":{"start":{"line":59,"column":40},"end":{"line":59,"column":64}},"type":"cond-expr","locations":[{"start":{"line":59,"column":58},"end":{"line":59,"column":59}},{"start":{"line":59,"column":62},"end":{"line":59,"column":64}}],"line":59},"5":{"loc":{"start":{"line":62,"column":40},"end":{"line":62,"column":64}},"type":"cond-expr","locations":[{"start":{"line":62,"column":58},"end":{"line":62,"column":60}},{"start":{"line":62,"column":63},"end":{"line":62,"column":64}}],"line":62},"6":{"loc":{"start":{"line":80,"column":8},"end":{"line":80,"column":79}},"type":"cond-expr","locations":[{"start":{"line":80,"column":18},"end":{"line":80,"column":74}},{"start":{"line":80,"column":77},"end":{"line":80,"column":79}}],"line":80},"7":{"loc":{"start":{"line":83,"column":7},"end":{"line":131,"column":7}},"type":"binary-expr","locations":[{"start":{"line":83,"column":7},"end":{"line":83,"column":26}},{"start":{"line":83,"column":30},"end":{"line":83,"column":38}},{"start":{"line":84,"column":8},"end":{"line":130,"column":14}}],"line":83},"8":{"loc":{"start":{"line":101,"column":18},"end":{"line":107,"column":20}},"type":"cond-expr","locations":[{"start":{"line":102,"column":18},"end":{"line":106,"column":19}},{"start":{"line":107,"column":18},"end":{"line":107,"column":20}}],"line":101},"9":{"loc":{"start":{"line":111,"column":30},"end":{"line":111,"column":74}},"type":"cond-expr","locations":[{"start":{"line":111,"column":40},"end":{"line":111,"column":57}},{"start":{"line":111,"column":60},"end":{"line":111,"column":74}}],"line":111},"10":{"loc":{"start":{"line":138,"column":14},"end":{"line":141,"column":11}},"type":"binary-expr","locations":[{"start":{"line":138,"column":14},"end":{"line":138,"column":21}},{"start":{"line":138,"column":25},"end":{"line":141,"column":11}}],"line":138},"11":{"loc":{"start":{"line":144,"column":9},"end":{"line":191,"column":9}},"type":"cond-expr","locations":[{"start":{"line":145,"column":10},"end":{"line":145,"column":57}},{"start":{"line":147,"column":10},"end":{"line":190,"column":12}}],"line":144}},"s":{"0":1,"1":5,"2":5,"3":5,"4":5,"5":5,"6":5,"7":0,"8":0,"9":5,"10":3,"11":3,"12":0,"13":0,"14":0,"15":3,"16":0,"17":0,"18":0,"19":0,"20":0,"21":0,"22":0,"23":0,"24":0,"25":0,"26":0,"27":0,"28":3,"29":5,"30":6,"31":0,"32":9,"33":3,"34":2},"f":{"0":5,"1":0,"2":3,"3":0,"4":0,"5":0,"6":0,"7":0,"8":0,"9":6,"10":0,"11":9,"12":3,"13":2},"b":{"0":[0,0],"1":[0,3],"2":[0,0],"3":[0,0,0,0,3],"4":[0,0],"5":[0,0],"6":[2,3],"7":[5,3,3],"8":[0,3],"9":[0,3],"10":[5,2],"11":[2,3]},"_coverageSchema":"1a1c01bbd47fc00a2c39e90264f33305004495a9","hash":"64da98c73bb4fb618d2c97f2805478fbaa671d3b"}
,"/Users/yanislav.petrov/shopping-cart/shopping-cart/src/context/ShoppingCartContext.tsx": {"path":"/Users/yanislav.petrov/shopping-cart/shopping-cart/src/context/ShoppingCartContext.tsx","statementMap":{"0":{"start":{"line":13,"column":2},"end":{"line":13,"column":65}},"1":{"start":{"line":15,"column":35},"end":{"line":17,"column":1}},"2":{"start":{"line":20,"column":2},"end":{"line":20,"column":41}},"3":{"start":{"line":23,"column":36},"end":{"line":100,"column":1}},"4":{"start":{"line":26,"column":38},"end":{"line":26,"column":70}},"5":{"start":{"line":27,"column":36},"end":{"line":27,"column":65}},"6":{"start":{"line":28,"column":30},"end":{"line":28,"column":54}},"7":{"start":{"line":29,"column":32},"end":{"line":29,"column":68}},"8":{"start":{"line":31,"column":23},"end":{"line":33,"column":3}},"9":{"start":{"line":31,"column":42},"end":{"line":33,"column":3}},"10":{"start":{"line":32,"column":4},"end":{"line":32,"column":20}},"11":{"start":{"line":35,"column":27},"end":{"line":37,"column":3}},"12":{"start":{"line":36,"column":4},"end":{"line":36,"column":42}},"13":{"start":{"line":39,"column":23},"end":{"line":42,"column":3}},"14":{"start":{"line":40,"column":24},"end":{"line":40,"column":48}},"15":{"start":{"line":45,"column":4},"end":{"line":57,"column":7}},"16":{"start":{"line":46,"column":6},"end":{"line":56,"column":7}},"17":{"start":{"line":46,"column":35},"end":{"line":46,"column":49}},"18":{"start":{"line":47,"column":8},"end":{"line":47,"column":51}},"19":{"start":{"line":49,"column":8},"end":{"line":55,"column":11}},"20":{"start":{"line":50,"column":10},"end":{"line":54,"column":11}},"21":{"start":{"line":51,"column":12},"end":{"line":51,"column":60}},"22":{"start":{"line":53,"column":12},"end":{"line":53,"column":24}},"23":{"start":{"line":61,"column":4},"end":{"line":73,"column":7}},"24":{"start":{"line":62,"column":6},"end":{"line":72,"column":7}},"25":{"start":{"line":62,"column":35},"end":{"line":62,"column":49}},"26":{"start":{"line":63,"column":8},"end":{"line":63,"column":58}},"27":{"start":{"line":63,"column":42},"end":{"line":63,"column":56}},"28":{"start":{"line":65,"column":8},"end":{"line":71,"column":11}},"29":{"start":{"line":66,"column":10},"end":{"line":70,"column":11}},"30":{"start":{"line":67,"column":12},"end":{"line":67,"column":60}},"31":{"start":{"line":69,"column":12},"end":{"line":69,"column":24}},"32":{"start":{"line":76,"column":4},"end":{"line":78,"column":7}},"33":{"start":{"line":77,"column":6},"end":{"line":77,"column":56}},"34":{"start":{"line":77,"column":40},"end":{"line":77,"column":54}},"35":{"start":{"line":81,"column":2},"end":{"line":99,"column":4}}},"fnMap":{"0":{"name":"useShoppingCart","decl":{"start":{"line":19,"column":16},"end":{"line":19,"column":31}},"loc":{"start":{"line":19,"column":34},"end":{"line":21,"column":1}},"line":19},"1":{"name":"(anonymous_1)","decl":{"start":{"line":23,"column":36},"end":{"line":23,"column":37}},"loc":{"start":{"line":25,"column":33},"end":{"line":100,"column":1}},"line":25},"2":{"name":"(anonymous_2)","decl":{"start":{"line":31,"column":23},"end":{"line":31,"column":24}},"loc":{"start":{"line":31,"column":42},"end":{"line":33,"column":3}},"line":31},"3":{"name":"(anonymous_3)","decl":{"start":{"line":31,"column":42},"end":{"line":31,"column":43}},"loc":{"start":{"line":31,"column":48},"end":{"line":33,"column":3}},"line":31},"4":{"name":"(anonymous_4)","decl":{"start":{"line":35,"column":27},"end":{"line":35,"column":28}},"loc":{"start":{"line":35,"column":57},"end":{"line":37,"column":3}},"line":35},"5":{"name":"(anonymous_5)","decl":{"start":{"line":40,"column":4},"end":{"line":40,"column":5}},"loc":{"start":{"line":40,"column":24},"end":{"line":40,"column":48}},"line":40},"6":{"name":"increaseCartQuantity","decl":{"start":{"line":44,"column":11},"end":{"line":44,"column":31}},"loc":{"start":{"line":44,"column":44},"end":{"line":58,"column":3}},"line":44},"7":{"name":"(anonymous_7)","decl":{"start":{"line":45,"column":17},"end":{"line":45,"column":18}},"loc":{"start":{"line":45,"column":32},"end":{"line":57,"column":5}},"line":45},"8":{"name":"(anonymous_8)","decl":{"start":{"line":46,"column":25},"end":{"line":46,"column":26}},"loc":{"start":{"line":46,"column":35},"end":{"line":46,"column":49}},"line":46},"9":{"name":"(anonymous_9)","decl":{"start":{"line":49,"column":29},"end":{"line":49,"column":30}},"loc":{"start":{"line":49,"column":39},"end":{"line":55,"column":9}},"line":49},"10":{"name":"decreaseCartQuantity","decl":{"start":{"line":60,"column":11},"end":{"line":60,"column":31}},"loc":{"start":{"line":60,"column":44},"end":{"line":74,"column":3}},"line":60},"11":{"name":"(anonymous_11)","decl":{"start":{"line":61,"column":17},"end":{"line":61,"column":18}},"loc":{"start":{"line":61,"column":32},"end":{"line":73,"column":5}},"line":61},"12":{"name":"(anonymous_12)","decl":{"start":{"line":62,"column":25},"end":{"line":62,"column":26}},"loc":{"start":{"line":62,"column":35},"end":{"line":62,"column":49}},"line":62},"13":{"name":"(anonymous_13)","decl":{"start":{"line":63,"column":32},"end":{"line":63,"column":33}},"loc":{"start":{"line":63,"column":42},"end":{"line":63,"column":56}},"line":63},"14":{"name":"(anonymous_14)","decl":{"start":{"line":65,"column":29},"end":{"line":65,"column":30}},"loc":{"start":{"line":65,"column":39},"end":{"line":71,"column":9}},"line":65},"15":{"name":"removeFromCart","decl":{"start":{"line":75,"column":11},"end":{"line":75,"column":25}},"loc":{"start":{"line":75,"column":38},"end":{"line":79,"column":3}},"line":75},"16":{"name":"(anonymous_16)","decl":{"start":{"line":76,"column":17},"end":{"line":76,"column":18}},"loc":{"start":{"line":76,"column":32},"end":{"line":78,"column":5}},"line":76},"17":{"name":"(anonymous_17)","decl":{"start":{"line":77,"column":30},"end":{"line":77,"column":31}},"loc":{"start":{"line":77,"column":40},"end":{"line":77,"column":54}},"line":77}},"branchMap":{"0":{"loc":{"start":{"line":46,"column":6},"end":{"line":56,"column":7}},"type":"if","locations":[{"start":{"line":46,"column":6},"end":{"line":56,"column":7}},{"start":{"line":48,"column":13},"end":{"line":56,"column":7}}],"line":46},"1":{"loc":{"start":{"line":50,"column":10},"end":{"line":54,"column":11}},"type":"if","locations":[{"start":{"line":50,"column":10},"end":{"line":54,"column":11}},{"start":{"line":52,"column":17},"end":{"line":54,"column":11}}],"line":50},"2":{"loc":{"start":{"line":62,"column":6},"end":{"line":72,"column":7}},"type":"if","locations":[{"start":{"line":62,"column":6},"end":{"line":72,"column":7}},{"start":{"line":64,"column":13},"end":{"line":72,"column":7}}],"line":62},"3":{"loc":{"start":{"line":66,"column":10},"end":{"line":70,"column":11}},"type":"if","locations":[{"start":{"line":66,"column":10},"end":{"line":70,"column":11}},{"start":{"line":68,"column":17},"end":{"line":70,"column":11}}],"line":66}},"s":{"0":1,"1":1,"2":0,"3":1,"4":0,"5":0,"6":0,"7":0,"8":0,"9":0,"10":0,"11":0,"12":0,"13":0,"14":0,"15":0,"16":0,"17":0,"18":0,"19":0,"20":0,"21":0,"22":0,"23":0,"24":0,"25":0,"26":0,"27":0,"28":0,"29":0,"30":0,"31":0,"32":0,"33":0,"34":0,"35":0},"f":{"0":0,"1":0,"2":0,"3":0,"4":0,"5":0,"6":0,"7":0,"8":0,"9":0,"10":0,"11":0,"12":0,"13":0,"14":0,"15":0,"16":0,"17":0},"b":{"0":[0,0],"1":[0,0],"2":[0,0],"3":[0,0]},"_coverageSchema":"1a1c01bbd47fc00a2c39e90264f33305004495a9","hash":"f1f0f145cfa61a07b6541c0e18163b254f2b4b6b"}
,"/Users/yanislav.petrov/shopping-cart/shopping-cart/src/hooks/useFetch.tsx": {"path":"/Users/yanislav.petrov/shopping-cart/shopping-cart/src/hooks/useFetch.tsx","statementMap":{"0":{"start":{"line":4,"column":24},"end":{"line":30,"column":1}},"1":{"start":{"line":5,"column":26},"end":{"line":5,"column":46}},"2":{"start":{"line":6,"column":32},"end":{"line":6,"column":56}},"3":{"start":{"line":7,"column":28},"end":{"line":7,"column":56}},"4":{"start":{"line":9,"column":2},"end":{"line":27,"column":12}},"5":{"start":{"line":10,"column":22},"end":{"line":24,"column":5}},"6":{"start":{"line":11,"column":6},"end":{"line":11,"column":23}},"7":{"start":{"line":12,"column":6},"end":{"line":23,"column":7}},"8":{"start":{"line":13,"column":25},"end":{"line":13,"column":41}},"9":{"start":{"line":14,"column":8},"end":{"line":16,"column":9}},"10":{"start":{"line":15,"column":10},"end":{"line":15,"column":47}},"11":{"start":{"line":17,"column":21},"end":{"line":17,"column":42}},"12":{"start":{"line":18,"column":8},"end":{"line":18,"column":22}},"13":{"start":{"line":20,"column":8},"end":{"line":20,"column":33}},"14":{"start":{"line":22,"column":8},"end":{"line":22,"column":26}},"15":{"start":{"line":26,"column":4},"end":{"line":26,"column":16}},"16":{"start":{"line":29,"column":2},"end":{"line":29,"column":34}}},"fnMap":{"0":{"name":"(anonymous_0)","decl":{"start":{"line":4,"column":24},"end":{"line":4,"column":25}},"loc":{"start":{"line":4,"column":45},"end":{"line":30,"column":1}},"line":4},"1":{"name":"(anonymous_1)","decl":{"start":{"line":9,"column":12},"end":{"line":9,"column":13}},"loc":{"start":{"line":9,"column":18},"end":{"line":27,"column":3}},"line":9},"2":{"name":"(anonymous_2)","decl":{"start":{"line":10,"column":22},"end":{"line":10,"column":23}},"loc":{"start":{"line":10,"column":34},"end":{"line":24,"column":5}},"line":10}},"branchMap":{"0":{"loc":{"start":{"line":14,"column":8},"end":{"line":16,"column":9}},"type":"if","locations":[{"start":{"line":14,"column":8},"end":{"line":16,"column":9}},{"start":{},"end":{}}],"line":14}},"s":{"0":1,"1":0,"2":0,"3":0,"4":0,"5":0,"6":0,"7":0,"8":0,"9":0,"10":0,"11":0,"12":0,"13":0,"14":0,"15":0,"16":0},"f":{"0":0,"1":0,"2":0},"b":{"0":[0,0]},"_coverageSchema":"1a1c01bbd47fc00a2c39e90264f33305004495a9","hash":"380ae1b843d9a38eb5994dc788e1c73ff1f6a661"}
,"/Users/yanislav.petrov/shopping-cart/shopping-cart/src/interfaces/App.types.ts": {"path":"/Users/yanislav.petrov/shopping-cart/shopping-cart/src/interfaces/App.types.ts","statementMap":{},"fnMap":{},"branchMap":{},"s":{},"f":{},"b":{},"_coverageSchema":"1a1c01bbd47fc00a2c39e90264f33305004495a9","hash":"a42cd3fbb707772e00ef43b93d4e34255610b05c"}
}
